<?xml version="1.0" encoding="UTF-8"?>
<!-- Generated by org.testng.reporters.JUnitReportReporter -->
<testsuite hostname="DESKTOP-2BL2BM0" failures="0" tests="1" name="testCases.LoginTest" time="2.224" errors="0" timestamp="2025-09-13T19:31:20 IST" skipped="0">
  <testcase classname="testCases.LoginTest" name="verify_login" time="2.224"/>
</testsuite> <!-- testCases.LoginTest -->
